<?xml version="1.0" encoding="UTF-8"?>
<testng-results ignored="0" total="0" passed="0" failed="0" skipped="0">
  <reporter-output>
  </reporter-output>
  <suite started-at="2023-04-06T17:25:04 IST" name="Testing Suit" finished-at="2023-04-06T17:25:04 IST" duration-ms="23">
    <groups>
    </groups>
    <test started-at="2023-04-06T17:25:04 IST" name="Testing Title" finished-at="2023-04-06T17:25:04 IST" duration-ms="23">
    </test> <!-- Testing Title -->
  </suite> <!-- Testing Suit -->
</testng-results>
